1589484854083:help
1589484862658:count
1589484865351:c
1589484923354:help
1589484928666:count
1589484953968:help
1589484958349:coun
1589484961146:count
1590083858739:help
1590083902189:getAllAuthors
1590083914509:ca
1590084210223:help
1590084231769:getalla
1590085742010:getai
1590085789947:getai --author-id 3
1590085820742:getan Дэн Симмонс
1590085843827:getan ""
1590085858494:getan 'Дэн Симмонс'
1590085876787:dela 3
1590086221442:getalla
1590086234197:dela 1
1590086240312:getalla
1590086726729:help
1590087694083:getalla
1590089232580:getallb
1590089253821:delb 16
1590089258695:getallb
1590089397692:ina null 'my author'
1590089417138:ina null 'asdf'
1590089461959:ina 'asdf'
1590089490360:ina a 'null' 'my author'
1590089503613:ina 'null' 'my author'
1590089531214:ina "null" 'my author'
1590089553991:ina "null" "my author"
1590090552082:ina ''то мой Автор
1590090620641:ina "то мой автор"
1590090639141:ina "fdasdf"
1590090665179:ina 'fdasdf'
1590090782953:ina --name AUTHOR
1590090792533:getalla
1590090826052:ina 15 "Мой авторЭ\n"
1590090832407:getalla
1590090848437:ina --name Бла бла
1590090920838:inb --name 'Бла бла бла'
1590090967794:getallb
1590090980604:bc
1590091005728:getbi 11
1590091143505:getallb
1590091163676:getalla
1590091224822:getBookByName "Идиот"
1590091315022:getBookByName "Идиот" 6
1590091607197:gelb 17
1590091614605:delb 17
1590091620656:getallb
1590091696361:upb Идиот НовыйИдиот 6
1590091704079:getallb
1590091761823:upb Идиот НовыйИдиот 6
1590091770762:getallb
1590091793673:getbi 17
1590091879550:upb Идиот НовыйИдиот 6
1590091944673:upb Идиот ЛучшееПроизведение 6
1590091957514:GETALLB
1590091962356:getallb
1590091988129:delb 17
1590091992090:getallb
1590092026782:countb
1590092034586:booksCount
1590092049200:getAuthorById 6
1590092081934:getAuthorByName "Федор Достоевский"
1590092200624:upa "new Author(6,Федор Достоевский" "Кто-то"
1590093240624:getan "Дедор Достоевский"
1590093262077:getalla
1590093317398:getan ""
1590093377292:getai 6
1590093428974:help
